# JRE version: OpenJDK Runtime Environment Temurin-17.0.9+9 (17.0.9+9) (build 17.0.9+9)
# Java VM: OpenJDK 64-Bit Server VM Temurin-17.0.9+9 (17.0.9+9, mixed mode, emulated-client, tiered, compressed oops, compressed class ptrs, g1 gc, windows-amd64)
GC Precious Log:
 CPUs: 16 total, 16 available
 Memory: 15790M
 Large Page Support: Disabled
 NUMA Support: Disabled
 Compressed Oops: Enabled (32-bit)
 Heap Region Size: 1M
 Heap Min Capacity: 8M
 Heap Initial Capacity: 248M
 Heap Max Capacity: 1G
 Pre-touch: Disabled
 Parallel Workers: 13
 Concurrent Workers: 3
 Concurrent Refinement Workers: 13
 Periodic GC: Disabled
Heap:
 garbage-first heap   total 101376K, used 39163K [0x00000000c0000000, 0x0000000100000000)
  region size 1024K, 4 young (4096K), 0 survivors (0K)
 Metaspace       used 60268K, committed 60736K, reserved 1114112K
  class space    used 7501K, committed 7744K, reserved 1048576K
GC Heap History (20 events):
Event: 6369.878 GC heap before
{Heap before GC invocations=353 (full 245):
 garbage-first heap   total 101376K, used 36091K [0x00000000c0000000, 0x0000000100000000)
  region size 1024K, 1 young (1024K), 0 survivors (0K)
 Metaspace       used 60268K, committed 60736K, reserved 1114112K
  class space    used 7501K, committed 7744K, reserved 1048576K
}
Event: 6369.948 GC heap after
{Heap after GC invocations=354 (full 246):
 garbage-first heap   total 101376K, used 36091K [0x00000000c0000000, 0x0000000100000000)
  region size 1024K, 0 young (0K), 0 survivors (0K)
 Metaspace       used 60268K, committed 60736K, reserved 1114112K
  class space    used 7501K, committed 7744K, reserved 1048576K
}
Event: 6380.199 GC heap before
{Heap before GC invocations=354 (full 246):
 garbage-first heap   total 101376K, used 36091K [0x00000000c0000000, 0x0000000100000000)
  region size 1024K, 1 young (1024K), 0 survivors (0K)
 Metaspace       used 60268K, committed 60736K, reserved 1114112K
  class space    used 7501K, committed 7744K, reserved 1048576K
}
Event: 6380.272 GC heap after
{Heap after GC invocations=355 (full 247):
 garbage-first heap   total 101376K, used 36091K [0x00000000c0000000, 0x0000000100000000)
  region size 1024K, 0 young (0K), 0 survivors (0K)
 Metaspace       used 60268K, committed 60736K, reserved 1114112K
  class space    used 7501K, committed 7744K, reserved 1048576K
}
Event: 6390.515 GC heap before
{Heap before GC invocations=355 (full 247):
 garbage-first heap   total 101376K, used 36091K [0x00000000c0000000, 0x0000000100000000)
  region size 1024K, 1 young (1024K), 0 survivors (0K)
 Metaspace       used 60268K, committed 60736K, reserved 1114112K
  class space    used 7501K, committed 7744K, reserved 1048576K
}
Event: 6390.589 GC heap after
{Heap after GC invocations=356 (full 248):
 garbage-first heap   total 101376K, used 36091K [0x00000000c0000000, 0x0000000100000000)
  region size 1024K, 0 young (0K), 0 survivors (0K)
 Metaspace       used 60268K, committed 60736K, reserved 1114112K
  class space    used 7501K, committed 7744K, reserved 1048576K
}
Event: 6400.808 GC heap before
{Heap before GC invocations=356 (full 248):
 garbage-first heap   total 101376K, used 36091K [0x00000000c0000000, 0x0000000100000000)
  region size 1024K, 1 young (1024K), 0 survivors (0K)
 Metaspace       used 60268K, committed 60736K, reserved 1114112K
  class space    used 7501K, committed 7744K, reserved 1048576K
}
Event: 6400.876 GC heap after
{Heap after GC invocations=357 (full 249):
 garbage-first heap   total 101376K, used 36091K [0x00000000c0000000, 0x0000000100000000)
  region size 1024K, 0 young (0K), 0 survivors (0K)
 Metaspace       used 60268K, committed 60736K, reserved 1114112K
  class space    used 7501K, committed 7744K, reserved 1048576K
}
Event: 6411.103 GC heap before
{Heap before GC invocations=357 (full 249):
 garbage-first heap   total 101376K, used 36091K [0x00000000c0000000, 0x0000000100000000)
  region size 1024K, 1 young (1024K), 0 survivors (0K)
 Metaspace       used 60268K, committed 60736K, reserved 1114112K
  class space    used 7501K, committed 7744K, reserved 1048576K
}
Event: 6411.174 GC heap after
{Heap after GC invocations=358 (full 250):
 garbage-first heap   total 101376K, used 36091K [0x00000000c0000000, 0x0000000100000000)
  region size 1024K, 0 young (0K), 0 survivors (0K)
 Metaspace       used 60268K, committed 60736K, reserved 1114112K
  class space    used 7501K, committed 7744K, reserved 1048576K
}
Event: 6421.403 GC heap before
{Heap before GC invocations=358 (full 250):
 garbage-first heap   total 101376K, used 36091K [0x00000000c0000000, 0x0000000100000000)
  region size 1024K, 1 young (1024K), 0 survivors (0K)
 Metaspace       used 60268K, committed 60736K, reserved 1114112K
  class space    used 7501K, committed 7744K, reserved 1048576K
}
Event: 6421.476 GC heap after
{Heap after GC invocations=359 (full 251):
 garbage-first heap   total 101376K, used 36091K [0x00000000c0000000, 0x0000000100000000)
  region size 1024K, 0 young (0K), 0 survivors (0K)
 Metaspace       used 60268K, committed 60736K, reserved 1114112K
  class space    used 7501K, committed 7744K, reserved 1048576K
}
Event: 6431.713 GC heap before
{Heap before GC invocations=359 (full 251):
 garbage-first heap   total 101376K, used 36091K [0x00000000c0000000, 0x0000000100000000)
  region size 1024K, 1 young (1024K), 0 survivors (0K)
 Metaspace       used 60268K, committed 60736K, reserved 1114112K
  class space    used 7501K, committed 7744K, reserved 1048576K
}
Event: 6431.793 GC heap after
{Heap after GC invocations=360 (full 252):
 garbage-first heap   total 101376K, used 36091K [0x00000000c0000000, 0x0000000100000000)
  region size 1024K, 0 young (0K), 0 survivors (0K)
 Metaspace       used 60268K, committed 60736K, reserved 1114112K
  class space    used 7501K, committed 7744K, reserved 1048576K
}
Event: 6442.008 GC heap before
{Heap before GC invocations=360 (full 252):
 garbage-first heap   total 101376K, used 36091K [0x00000000c0000000, 0x0000000100000000)
  region size 1024K, 1 young (1024K), 0 survivors (0K)
 Metaspace       used 60268K, committed 60736K, reserved 1114112K
  class space    used 7501K, committed 7744K, reserved 1048576K
}
Event: 6442.077 GC heap after
{Heap after GC invocations=361 (full 253):
 garbage-first heap   total 101376K, used 36091K [0x00000000c0000000, 0x0000000100000000)
  region size 1024K, 0 young (0K), 0 survivors (0K)
 Metaspace       used 60268K, committed 60736K, reserved 1114112K
  class space    used 7501K, committed 7744K, reserved 1048576K
}
Event: 8357.103 GC heap before
{Heap before GC invocations=361 (full 253):
 garbage-first heap   total 101376K, used 36091K [0x00000000c0000000, 0x0000000100000000)
  region size 1024K, 1 young (1024K), 0 survivors (0K)
 Metaspace       used 60268K, committed 60736K, reserved 1114112K
  class space    used 7501K, committed 7744K, reserved 1048576K
}
Event: 8357.218 GC heap after
{Heap after GC invocations=362 (full 254):
 garbage-first heap   total 101376K, used 36091K [0x00000000c0000000, 0x0000000100000000)
  region size 1024K, 0 young (0K), 0 survivors (0K)
 Metaspace       used 60268K, committed 60736K, reserved 1114112K
  class space    used 7501K, committed 7744K, reserved 1048576K
}
Event: 8367.506 GC heap before
{Heap before GC invocations=362 (full 254):
 garbage-first heap   total 101376K, used 36091K [0x00000000c0000000, 0x0000000100000000)
  region size 1024K, 1 young (1024K), 0 survivors (0K)
 Metaspace       used 60268K, committed 60736K, reserved 1114112K
  class space    used 7501K, committed 7744K, reserved 1048576K
}
Event: 8367.570 GC heap after
{Heap after GC invocations=363 (full 255):
 garbage-first heap   total 101376K, used 36091K [0x00000000c0000000, 0x0000000100000000)
  region size 1024K, 0 young (0K), 0 survivors (0K)
 Metaspace       used 60268K, committed 60736K, reserved 1114112K
  class space    used 7501K, committed 7744K, reserved 1048576K
}

